Reading netlist file: "E:\rockchip-dsmc\adc_dsmc_fpga\impl\gwsynthesis\adc_dsmc_fpga.vg"
Parsing netlist file "E:\rockchip-dsmc\adc_dsmc_fpga\impl\gwsynthesis\adc_dsmc_fpga.vg" completed
Processing netlist completed
Reading constraint file: "E:\rockchip-dsmc\adc_dsmc_fpga\src\adc_dsmc_fpga.cst"
Physical Constraint parsed completed
Running placement......
[10%] Placement Phase 0 completed
[20%] Placement Phase 1 completed
[30%] Placement Phase 2 completed
[50%] Placement Phase 3 completed
Running routing......
[60%] Routing Phase 0 completed
[70%] Routing Phase 1 completed
[80%] Routing Phase 2 completed
WARN  (PR1014) : Generic routing resource will be used to clock signal 'DSMC_CLKP_d' by the specified constraint. And then it may lead to the excessive delay or skew
[90%] Routing Phase 3 completed
Running timing analysis......
[95%] Timing analysis completed
Placement and routing completed
Bitstream generation in progress......
Bitstream generation completed
Generate file "E:\rockchip-dsmc\adc_dsmc_fpga\impl\pnr\adc_dsmc_fpga.pin.html" completed
Generate file "E:\rockchip-dsmc\adc_dsmc_fpga\impl\pnr\adc_dsmc_fpga.rpt.html" completed
Generate file "E:\rockchip-dsmc\adc_dsmc_fpga\impl\pnr\adc_dsmc_fpga.rpt.txt" completed
Generate file "E:\rockchip-dsmc\adc_dsmc_fpga\impl\pnr\adc_dsmc_fpga.tr.html" completed
Fri Oct 17 15:46:11 2025

